<?xml version="1.0" encoding="UTF-8"?>
<!-- Generated by org.testng.reporters.JUnitReportReporter -->
<testsuite hostname="LAPTOP-JBIL527H" failures="0" tests="1" name="com.apiautomation.demo.tests.ForgotPasswordTest" time="2.267" errors="0" timestamp="2025-03-31T04:53:32 IST" skipped="0">
  <testcase classname="com.apiautomation.demo.tests.ForgotPasswordTest" name="forgotPassword" time="2.267"/>
</testsuite> <!-- com.apiautomation.demo.tests.ForgotPasswordTest -->
