<?xml version="1.0" encoding="UTF-8"?>
<!-- Generated by org.testng.reporters.JUnitReportReporter -->
<testsuite hostname="LAPTOP-JBIL527H" failures="0" tests="1" name="com.apiautomation.demo.tests.UpdateProfie" time="2.344" errors="0" timestamp="2025-04-01T14:09:49 IST" skipped="0">
  <testcase classname="com.apiautomation.demo.tests.UpdateProfie" name="UpdateProfileTest" time="2.344"/>
</testsuite> <!-- com.apiautomation.demo.tests.UpdateProfie -->
