<?xml version="1.0" encoding="UTF-8"?>
<!-- Generated by org.testng.reporters.JUnitReportReporter -->
<testsuite hostname="LAPTOP-JBIL527H" failures="0" tests="1" name="com.apiautomation.demo.tests.CreateUser" time="2.208" errors="0" timestamp="2025-04-01T06:29:00 IST" skipped="0">
  <testcase classname="com.apiautomation.demo.tests.CreateUser" name="signupNewUser" time="2.208"/>
</testsuite> <!-- com.apiautomation.demo.tests.CreateUser -->
