<?xml version="1.0" encoding="UTF-8"?>
<!-- Generated by org.testng.reporters.JUnitReportReporter -->
<testsuite hostname="LAPTOP-JBIL527H" failures="0" tests="2" name="com.apiautomation.demo.tests.AuthTests" time="6.259" errors="0" timestamp="2025-04-04T05:38:09 IST" skipped="0">
  <testcase classname="com.apiautomation.demo.tests.AuthTests" name="login" time="5.820"/>
  <testcase classname="com.apiautomation.demo.tests.AuthTests" name="signup" time="0.439"/>
</testsuite> <!-- com.apiautomation.demo.tests.AuthTests -->
