<?xml version="1.0" encoding="UTF-8"?>
<!-- Generated by org.testng.reporters.JUnitReportReporter -->
<testsuite hostname="LAPTOP-JBIL527H" failures="0" tests="1" name="com.apiautomation.demo.tests.UpdateProfie" time="0.783" errors="0" timestamp="2025-04-04T05:38:09 IST" skipped="0">
  <testcase classname="com.apiautomation.demo.tests.UpdateProfie" name="UpdateProfileTest" time="0.783"/>
</testsuite> <!-- com.apiautomation.demo.tests.UpdateProfie -->
